{"C:\\Users\\jordao\\Desktop\\finances\\src\\assets\\chip.png": {"path":"C:\\Users\\jordao\\Desktop\\finances\\src\\assets\\chip.png","statementMap":{"0":{"start":{"line":1,"column":0},"end":{"line":4,"column":6}}},"fnMap":{},"branchMap":{},"s":{"0":1},"f":{},"b":{},"inputSourceMap":null,"_coverageSchema":"1a1c01bbd47fc00a2c39e90264f33305004495a9","hash":"9d1040e95ec3d75bc9855316f332a3d6d64c7402"}
,"C:\\Users\\jordao\\Desktop\\finances\\src\\components\\BackupDB\\index.tsx": {"path":"C:\\Users\\jordao\\Desktop\\finances\\src\\components\\BackupDB\\index.tsx","statementMap":{"0":{"start":{"line":21,"column":24},"end":{"line":88,"column":1}},"1":{"start":{"line":28,"column":21},"end":{"line":28,"column":36}},"2":{"start":{"line":30,"column":2},"end":{"line":87,"column":4}},"3":{"start":{"line":75,"column":16},"end":{"line":75,"column":45}},"4":{"start":{"line":76,"column":16},"end":{"line":76,"column":46}},"5":{"start":{"line":77,"column":16},"end":{"line":77,"column":35}},"6":{"start":{"line":78,"column":16},"end":{"line":78,"column":44}}},"fnMap":{"0":{"name":"(anonymous_0)","decl":{"start":{"line":21,"column":24},"end":{"line":21,"column":25}},"loc":{"start":{"line":27,"column":16},"end":{"line":88,"column":1}},"line":27},"1":{"name":"(anonymous_1)","decl":{"start":{"line":74,"column":23},"end":{"line":74,"column":24}},"loc":{"start":{"line":74,"column":29},"end":{"line":79,"column":15}},"line":74}},"branchMap":{"0":{"loc":{"start":{"line":35,"column":10},"end":{"line":35,"column":68}},"type":"cond-expr","locations":[{"start":{"line":35,"column":33},"end":{"line":35,"column":56}},{"start":{"line":35,"column":59},"end":{"line":35,"column":68}}],"line":35},"1":{"loc":{"start":{"line":40,"column":9},"end":{"line":44,"column":9}},"type":"cond-expr","locations":[{"start":{"line":41,"column":10},"end":{"line":41,"column":36}},{"start":{"line":43,"column":10},"end":{"line":43,"column":38}}],"line":40},"2":{"loc":{"start":{"line":46,"column":7},"end":{"line":55,"column":7}},"type":"binary-expr","locations":[{"start":{"line":46,"column":7},"end":{"line":46,"column":28}},{"start":{"line":47,"column":8},"end":{"line":54,"column":11}}],"line":46},"3":{"loc":{"start":{"line":57,"column":7},"end":{"line":85,"column":7}},"type":"binary-expr","locations":[{"start":{"line":57,"column":7},"end":{"line":57,"column":28}},{"start":{"line":58,"column":8},"end":{"line":84,"column":11}}],"line":57},"4":{"loc":{"start":{"line":60,"column":13},"end":{"line":62,"column":41}},"type":"cond-expr","locations":[{"start":{"line":61,"column":16},"end":{"line":61,"column":39}},{"start":{"line":62,"column":16},"end":{"line":62,"column":41}}],"line":60},"5":{"loc":{"start":{"line":65,"column":13},"end":{"line":67,"column":103}},"type":"cond-expr","locations":[{"start":{"line":66,"column":16},"end":{"line":66,"column":102}},{"start":{"line":67,"column":16},"end":{"line":67,"column":103}}],"line":65},"6":{"loc":{"start":{"line":71,"column":11},"end":{"line":83,"column":11}},"type":"binary-expr","locations":[{"start":{"line":71,"column":11},"end":{"line":71,"column":33}},{"start":{"line":72,"column":12},"end":{"line":82,"column":29}}],"line":71}},"s":{"0":1,"1":5,"2":5,"3":1,"4":1,"5":1,"6":1},"f":{"0":5,"1":1},"b":{"0":[2,3],"1":[3,2],"2":[5,2],"3":[5,3],"4":[2,1],"5":[2,1],"6":[3,2]},"_coverageSchema":"1a1c01bbd47fc00a2c39e90264f33305004495a9","hash":"164fd41439e883aa7ea8968765be9fcb3aa0cfbf"}
,"C:\\Users\\jordao\\Desktop\\finances\\src\\components\\BackupDB\\styles.ts": {"path":"C:\\Users\\jordao\\Desktop\\finances\\src\\components\\BackupDB\\styles.ts","statementMap":{"0":{"start":{"line":3,"column":25},"end":{"line":7,"column":1}},"1":{"start":{"line":9,"column":30},"end":{"line":14,"column":1}},"2":{"start":{"line":16,"column":25},"end":{"line":19,"column":1}},"3":{"start":{"line":21,"column":36},"end":{"line":21,"column":49}},"4":{"start":{"line":23,"column":25},"end":{"line":28,"column":1}},"5":{"start":{"line":30,"column":31},"end":{"line":35,"column":1}},"6":{"start":{"line":37,"column":24},"end":{"line":44,"column":1}},"7":{"start":{"line":46,"column":30},"end":{"line":54,"column":1}},"8":{"start":{"line":56,"column":34},"end":{"line":61,"column":1}}},"fnMap":{},"branchMap":{},"s":{"0":1,"1":1,"2":1,"3":1,"4":1,"5":1,"6":1,"7":1,"8":1},"f":{},"b":{},"_coverageSchema":"1a1c01bbd47fc00a2c39e90264f33305004495a9","hash":"5d89878afdedb8c0aa62e031362e48a0d6ce0b24"}
,"C:\\Users\\jordao\\Desktop\\finances\\src\\components\\Card\\index.tsx": {"path":"C:\\Users\\jordao\\Desktop\\finances\\src\\components\\Card\\index.tsx","statementMap":{"0":{"start":{"line":29,"column":29},"end":{"line":87,"column":1}},"1":{"start":{"line":30,"column":21},"end":{"line":30,"column":36}},"2":{"start":{"line":31,"column":28},"end":{"line":31,"column":50}},"3":{"start":{"line":33,"column":2},"end":{"line":56,"column":3}},"4":{"start":{"line":34,"column":4},"end":{"line":55,"column":6}},"5":{"start":{"line":40,"column":12},"end":{"line":40,"column":32}},"6":{"start":{"line":41,"column":12},"end":{"line":41,"column":44}},"7":{"start":{"line":58,"column":2},"end":{"line":86,"column":4}},"8":{"start":{"line":64,"column":10},"end":{"line":64,"column":30}},"9":{"start":{"line":65,"column":10},"end":{"line":65,"column":42}},"10":{"start":{"line":89,"column":24},"end":{"line":121,"column":1}},"11":{"start":{"line":90,"column":21},"end":{"line":90,"column":36}},"12":{"start":{"line":92,"column":2},"end":{"line":120,"column":4}},"13":{"start":{"line":96,"column":23},"end":{"line":96,"column":54}},"14":{"start":{"line":115,"column":23},"end":{"line":115,"column":54}}},"fnMap":{"0":{"name":"(anonymous_0)","decl":{"start":{"line":29,"column":29},"end":{"line":29,"column":30}},"loc":{"start":{"line":29,"column":54},"end":{"line":87,"column":1}},"line":29},"1":{"name":"(anonymous_1)","decl":{"start":{"line":39,"column":19},"end":{"line":39,"column":20}},"loc":{"start":{"line":39,"column":25},"end":{"line":42,"column":11}},"line":39},"2":{"name":"(anonymous_2)","decl":{"start":{"line":63,"column":17},"end":{"line":63,"column":18}},"loc":{"start":{"line":63,"column":23},"end":{"line":66,"column":9}},"line":63},"3":{"name":"(anonymous_3)","decl":{"start":{"line":89,"column":24},"end":{"line":89,"column":25}},"loc":{"start":{"line":89,"column":30},"end":{"line":121,"column":1}},"line":89},"4":{"name":"(anonymous_4)","decl":{"start":{"line":96,"column":17},"end":{"line":96,"column":18}},"loc":{"start":{"line":96,"column":23},"end":{"line":96,"column":54}},"line":96},"5":{"name":"(anonymous_5)","decl":{"start":{"line":115,"column":17},"end":{"line":115,"column":18}},"loc":{"start":{"line":115,"column":23},"end":{"line":115,"column":54}},"line":115}},"branchMap":{"0":{"loc":{"start":{"line":33,"column":2},"end":{"line":56,"column":3}},"type":"if","locations":[{"start":{"line":33,"column":2},"end":{"line":56,"column":3}},{"start":{"line":33,"column":2},"end":{"line":56,"column":3}}],"line":33}},"s":{"0":1,"1":4,"2":4,"3":4,"4":2,"5":1,"6":1,"7":2,"8":1,"9":1,"10":1,"11":3,"12":3,"13":1,"14":1},"f":{"0":4,"1":1,"2":1,"3":3,"4":1,"5":1},"b":{"0":[2,2]},"_coverageSchema":"1a1c01bbd47fc00a2c39e90264f33305004495a9","hash":"079109c3b41daaeb1b55d8764da2b2ed36df6a84"}
,"C:\\Users\\jordao\\Desktop\\finances\\src\\components\\Card\\styles.ts": {"path":"C:\\Users\\jordao\\Desktop\\finances\\src\\components\\Card\\styles.ts","statementMap":{"0":{"start":{"line":3,"column":25},"end":{"line":10,"column":1}},"1":{"start":{"line":12,"column":27},"end":{"line":23,"column":1}},"2":{"start":{"line":25,"column":29},"end":{"line":38,"column":1}},"3":{"start":{"line":40,"column":26},"end":{"line":48,"column":1}},"4":{"start":{"line":50,"column":28},"end":{"line":63,"column":1}},"5":{"start":{"line":65,"column":28},"end":{"line":71,"column":1}},"6":{"start":{"line":73,"column":26},"end":{"line":78,"column":1}},"7":{"start":{"line":80,"column":23},"end":{"line":83,"column":1}},"8":{"start":{"line":85,"column":22},"end":{"line":87,"column":1}},"9":{"start":{"line":89,"column":25},"end":{"line":93,"column":1}},"10":{"start":{"line":95,"column":21},"end":{"line":99,"column":1}},"11":{"start":{"line":100,"column":20},"end":{"line":106,"column":1}},"12":{"start":{"line":107,"column":24},"end":{"line":113,"column":1}},"13":{"start":{"line":115,"column":27},"end":{"line":117,"column":1}},"14":{"start":{"line":119,"column":31},"end":{"line":126,"column":1}}},"fnMap":{},"branchMap":{},"s":{"0":1,"1":1,"2":1,"3":1,"4":1,"5":1,"6":1,"7":1,"8":1,"9":1,"10":1,"11":1,"12":1,"13":1,"14":1},"f":{},"b":{},"_coverageSchema":"1a1c01bbd47fc00a2c39e90264f33305004495a9","hash":"6292849c40500652841795d5a0d7246f3dfb007d"}
,"C:\\Users\\jordao\\Desktop\\finances\\src\\components\\CardCategories\\index.tsx": {"path":"C:\\Users\\jordao\\Desktop\\finances\\src\\components\\CardCategories\\index.tsx","statementMap":{"0":{"start":{"line":23,"column":30},"end":{"line":59,"column":1}},"1":{"start":{"line":24,"column":44},"end":{"line":24,"column":66}},"2":{"start":{"line":26,"column":21},"end":{"line":26,"column":36}},"3":{"start":{"line":28,"column":2},"end":{"line":58,"column":4}},"4":{"start":{"line":31,"column":8},"end":{"line":55,"column":10}},"5":{"start":{"line":35,"column":14},"end":{"line":35,"column":42}},"6":{"start":{"line":36,"column":14},"end":{"line":36,"column":50}}},"fnMap":{"0":{"name":"(anonymous_0)","decl":{"start":{"line":23,"column":30},"end":{"line":23,"column":31}},"loc":{"start":{"line":23,"column":69},"end":{"line":59,"column":1}},"line":23},"1":{"name":"(anonymous_1)","decl":{"start":{"line":30,"column":23},"end":{"line":30,"column":24}},"loc":{"start":{"line":30,"column":44},"end":{"line":56,"column":7}},"line":30},"2":{"name":"(anonymous_2)","decl":{"start":{"line":34,"column":21},"end":{"line":34,"column":22}},"loc":{"start":{"line":34,"column":27},"end":{"line":37,"column":13}},"line":34}},"branchMap":{},"s":{"0":1,"1":1,"2":1,"3":1,"4":1,"5":0,"6":0},"f":{"0":1,"1":1,"2":0},"b":{},"_coverageSchema":"1a1c01bbd47fc00a2c39e90264f33305004495a9","hash":"6c95d6fd29c9315ffeafa4fb255c31513191b33d"}
,"C:\\Users\\jordao\\Desktop\\finances\\src\\components\\CardCategories\\styles.ts": {"path":"C:\\Users\\jordao\\Desktop\\finances\\src\\components\\CardCategories\\styles.ts","statementMap":{"0":{"start":{"line":3,"column":27},"end":{"line":5,"column":1}},"1":{"start":{"line":7,"column":21},"end":{"line":11,"column":1}},"2":{"start":{"line":13,"column":33},"end":{"line":16,"column":1}},"3":{"start":{"line":18,"column":29},"end":{"line":20,"column":1}},"4":{"start":{"line":22,"column":29},"end":{"line":26,"column":1}},"5":{"start":{"line":28,"column":29},"end":{"line":32,"column":1}},"6":{"start":{"line":34,"column":26},"end":{"line":38,"column":1}},"7":{"start":{"line":39,"column":29},"end":{"line":41,"column":1}},"8":{"start":{"line":43,"column":30},"end":{"line":47,"column":1}},"9":{"start":{"line":49,"column":29},"end":{"line":49,"column":42}},"10":{"start":{"line":55,"column":21},"end":{"line":61,"column":1}},"11":{"start":{"line":56,"column":22},"end":{"line":56,"column":34}},"12":{"start":{"line":63,"column":24},"end":{"line":67,"column":1}},"13":{"start":{"line":69,"column":22},"end":{"line":75,"column":1}},"14":{"start":{"line":72,"column":33},"end":{"line":72,"column":45}},"15":{"start":{"line":77,"column":20},"end":{"line":83,"column":1}}},"fnMap":{"0":{"name":"(anonymous_0)","decl":{"start":{"line":56,"column":11},"end":{"line":56,"column":12}},"loc":{"start":{"line":56,"column":22},"end":{"line":56,"column":34}},"line":56},"1":{"name":"(anonymous_1)","decl":{"start":{"line":72,"column":22},"end":{"line":72,"column":23}},"loc":{"start":{"line":72,"column":33},"end":{"line":72,"column":45}},"line":72}},"branchMap":{},"s":{"0":1,"1":1,"2":1,"3":1,"4":1,"5":1,"6":1,"7":1,"8":1,"9":1,"10":1,"11":1,"12":1,"13":1,"14":1,"15":1},"f":{"0":1,"1":1},"b":{},"_coverageSchema":"1a1c01bbd47fc00a2c39e90264f33305004495a9","hash":"899b52484d15d054c6cfea388675da71e7037140"}
,"C:\\Users\\jordao\\Desktop\\finances\\src\\icons\\Icons.tsx": {"path":"C:\\Users\\jordao\\Desktop\\finances\\src\\icons\\Icons.tsx","statementMap":{"0":{"start":{"line":5,"column":24},"end":{"line":22,"column":1}},"1":{"start":{"line":6,"column":2},"end":{"line":21,"column":4}},"2":{"start":{"line":24,"column":29},"end":{"line":45,"column":1}},"3":{"start":{"line":25,"column":2},"end":{"line":44,"column":4}},"4":{"start":{"line":47,"column":25},"end":{"line":87,"column":1}},"5":{"start":{"line":48,"column":2},"end":{"line":86,"column":4}},"6":{"start":{"line":89,"column":27},"end":{"line":97,"column":1}},"7":{"start":{"line":90,"column":2},"end":{"line":96,"column":4}},"8":{"start":{"line":99,"column":25},"end":{"line":112,"column":1}},"9":{"start":{"line":100,"column":2},"end":{"line":111,"column":4}},"10":{"start":{"line":114,"column":34},"end":{"line":154,"column":1}},"11":{"start":{"line":115,"column":2},"end":{"line":153,"column":4}},"12":{"start":{"line":156,"column":35},"end":{"line":196,"column":1}},"13":{"start":{"line":157,"column":2},"end":{"line":195,"column":4}},"14":{"start":{"line":198,"column":37},"end":{"line":247,"column":1}},"15":{"start":{"line":199,"column":2},"end":{"line":246,"column":4}},"16":{"start":{"line":249,"column":26},"end":{"line":268,"column":1}},"17":{"start":{"line":250,"column":2},"end":{"line":267,"column":4}},"18":{"start":{"line":270,"column":24},"end":{"line":306,"column":1}},"19":{"start":{"line":271,"column":2},"end":{"line":305,"column":4}},"20":{"start":{"line":308,"column":26},"end":{"line":334,"column":1}},"21":{"start":{"line":309,"column":2},"end":{"line":333,"column":4}},"22":{"start":{"line":336,"column":26},"end":{"line":363,"column":1}},"23":{"start":{"line":337,"column":2},"end":{"line":362,"column":4}},"24":{"start":{"line":365,"column":27},"end":{"line":377,"column":1}},"25":{"start":{"line":366,"column":2},"end":{"line":376,"column":4}},"26":{"start":{"line":379,"column":25},"end":{"line":391,"column":1}},"27":{"start":{"line":380,"column":2},"end":{"line":390,"column":4}}},"fnMap":{"0":{"name":"(anonymous_0)","decl":{"start":{"line":5,"column":24},"end":{"line":5,"column":25}},"loc":{"start":{"line":5,"column":50},"end":{"line":22,"column":1}},"line":5},"1":{"name":"(anonymous_1)","decl":{"start":{"line":24,"column":29},"end":{"line":24,"column":30}},"loc":{"start":{"line":24,"column":55},"end":{"line":45,"column":1}},"line":24},"2":{"name":"(anonymous_2)","decl":{"start":{"line":47,"column":25},"end":{"line":47,"column":26}},"loc":{"start":{"line":47,"column":51},"end":{"line":87,"column":1}},"line":47},"3":{"name":"(anonymous_3)","decl":{"start":{"line":89,"column":27},"end":{"line":89,"column":28}},"loc":{"start":{"line":89,"column":53},"end":{"line":97,"column":1}},"line":89},"4":{"name":"(anonymous_4)","decl":{"start":{"line":99,"column":25},"end":{"line":99,"column":26}},"loc":{"start":{"line":99,"column":51},"end":{"line":112,"column":1}},"line":99},"5":{"name":"(anonymous_5)","decl":{"start":{"line":114,"column":34},"end":{"line":114,"column":35}},"loc":{"start":{"line":114,"column":60},"end":{"line":154,"column":1}},"line":114},"6":{"name":"(anonymous_6)","decl":{"start":{"line":156,"column":35},"end":{"line":156,"column":36}},"loc":{"start":{"line":156,"column":61},"end":{"line":196,"column":1}},"line":156},"7":{"name":"(anonymous_7)","decl":{"start":{"line":198,"column":37},"end":{"line":198,"column":38}},"loc":{"start":{"line":198,"column":63},"end":{"line":247,"column":1}},"line":198},"8":{"name":"(anonymous_8)","decl":{"start":{"line":249,"column":26},"end":{"line":249,"column":27}},"loc":{"start":{"line":249,"column":52},"end":{"line":268,"column":1}},"line":249},"9":{"name":"(anonymous_9)","decl":{"start":{"line":270,"column":24},"end":{"line":270,"column":25}},"loc":{"start":{"line":270,"column":50},"end":{"line":306,"column":1}},"line":270},"10":{"name":"(anonymous_10)","decl":{"start":{"line":308,"column":26},"end":{"line":308,"column":27}},"loc":{"start":{"line":308,"column":52},"end":{"line":334,"column":1}},"line":308},"11":{"name":"(anonymous_11)","decl":{"start":{"line":336,"column":26},"end":{"line":336,"column":27}},"loc":{"start":{"line":336,"column":52},"end":{"line":363,"column":1}},"line":336},"12":{"name":"(anonymous_12)","decl":{"start":{"line":365,"column":27},"end":{"line":365,"column":28}},"loc":{"start":{"line":365,"column":53},"end":{"line":377,"column":1}},"line":365},"13":{"name":"(anonymous_13)","decl":{"start":{"line":379,"column":25},"end":{"line":379,"column":26}},"loc":{"start":{"line":379,"column":51},"end":{"line":391,"column":1}},"line":379}},"branchMap":{},"s":{"0":2,"1":0,"2":2,"3":0,"4":2,"5":0,"6":2,"7":5,"8":2,"9":0,"10":2,"11":0,"12":2,"13":0,"14":2,"15":0,"16":2,"17":0,"18":2,"19":0,"20":2,"21":0,"22":2,"23":0,"24":2,"25":2,"26":2,"27":3},"f":{"0":0,"1":0,"2":0,"3":5,"4":0,"5":0,"6":0,"7":0,"8":0,"9":0,"10":0,"11":0,"12":2,"13":3},"b":{},"_coverageSchema":"1a1c01bbd47fc00a2c39e90264f33305004495a9","hash":"6e8cbc1cb4714f9246331e06eedb4b29d3189d35"}
,"C:\\Users\\jordao\\Desktop\\finances\\src\\utils\\formatCurrency.ts": {"path":"C:\\Users\\jordao\\Desktop\\finances\\src\\utils\\formatCurrency.ts","statementMap":{"0":{"start":{"line":3,"column":4},"end":{"line":6,"column":48}},"1":{"start":{"line":8,"column":2},"end":{"line":11,"column":26}}},"fnMap":{"0":{"name":"formatCurrency","decl":{"start":{"line":1,"column":16},"end":{"line":1,"column":30}},"loc":{"start":{"line":1,"column":46},"end":{"line":12,"column":1}},"line":1}},"branchMap":{"0":{"loc":{"start":{"line":8,"column":12},"end":{"line":8,"column":32}},"type":"cond-expr","locations":[{"start":{"line":8,"column":24},"end":{"line":8,"column":27}},{"start":{"line":8,"column":30},"end":{"line":8,"column":32}}],"line":8}},"s":{"0":5,"1":5},"f":{"0":5},"b":{"0":[0,5]},"_coverageSchema":"1a1c01bbd47fc00a2c39e90264f33305004495a9","hash":"06ae6a5a45515ebfc20ddec6979017e75ad62e33"}
,"C:\\Users\\jordao\\Desktop\\finances\\src\\utils\\getLastOperation.ts": {"path":"C:\\Users\\jordao\\Desktop\\finances\\src\\utils\\getLastOperation.ts","statementMap":{"0":{"start":{"line":7,"column":2},"end":{"line":16,"column":10}},"1":{"start":{"line":8,"column":28},"end":{"line":8,"column":68}},"2":{"start":{"line":10,"column":6},"end":{"line":14,"column":7}},"3":{"start":{"line":11,"column":8},"end":{"line":13,"column":9}},"4":{"start":{"line":12,"column":10},"end":{"line":12,"column":20}},"5":{"start":{"line":15,"column":6},"end":{"line":15,"column":15}},"6":{"start":{"line":20,"column":2},"end":{"line":27,"column":8}},"7":{"start":{"line":21,"column":4},"end":{"line":25,"column":5}},"8":{"start":{"line":22,"column":6},"end":{"line":24,"column":7}},"9":{"start":{"line":23,"column":8},"end":{"line":23,"column":18}},"10":{"start":{"line":26,"column":4},"end":{"line":26,"column":13}}},"fnMap":{"0":{"name":"getLastOperationByCategory","decl":{"start":{"line":3,"column":16},"end":{"line":3,"column":42}},"loc":{"start":{"line":6,"column":2},"end":{"line":17,"column":1}},"line":6},"1":{"name":"(anonymous_1)","decl":{"start":{"line":8,"column":13},"end":{"line":8,"column":14}},"loc":{"start":{"line":8,"column":28},"end":{"line":8,"column":68}},"line":8},"2":{"name":"(anonymous_2)","decl":{"start":{"line":9,"column":11},"end":{"line":9,"column":12}},"loc":{"start":{"line":9,"column":61},"end":{"line":16,"column":5}},"line":9},"3":{"name":"getLastOperation","decl":{"start":{"line":19,"column":16},"end":{"line":19,"column":32}},"loc":{"start":{"line":19,"column":58},"end":{"line":28,"column":1}},"line":19},"4":{"name":"(anonymous_4)","decl":{"start":{"line":20,"column":26},"end":{"line":20,"column":27}},"loc":{"start":{"line":20,"column":76},"end":{"line":27,"column":3}},"line":20}},"branchMap":{"0":{"loc":{"start":{"line":10,"column":6},"end":{"line":14,"column":7}},"type":"if","locations":[{"start":{"line":10,"column":6},"end":{"line":14,"column":7}},{"start":{"line":10,"column":6},"end":{"line":14,"column":7}}],"line":10},"1":{"loc":{"start":{"line":10,"column":10},"end":{"line":10,"column":42}},"type":"binary-expr","locations":[{"start":{"line":10,"column":10},"end":{"line":10,"column":24}},{"start":{"line":10,"column":28},"end":{"line":10,"column":42}}],"line":10},"2":{"loc":{"start":{"line":11,"column":8},"end":{"line":13,"column":9}},"type":"if","locations":[{"start":{"line":11,"column":8},"end":{"line":13,"column":9}},{"start":{"line":11,"column":8},"end":{"line":13,"column":9}}],"line":11},"3":{"loc":{"start":{"line":21,"column":4},"end":{"line":25,"column":5}},"type":"if","locations":[{"start":{"line":21,"column":4},"end":{"line":25,"column":5}},{"start":{"line":21,"column":4},"end":{"line":25,"column":5}}],"line":21},"4":{"loc":{"start":{"line":21,"column":8},"end":{"line":21,"column":40}},"type":"binary-expr","locations":[{"start":{"line":21,"column":8},"end":{"line":21,"column":22}},{"start":{"line":21,"column":26},"end":{"line":21,"column":40}}],"line":21},"5":{"loc":{"start":{"line":22,"column":6},"end":{"line":24,"column":7}},"type":"if","locations":[{"start":{"line":22,"column":6},"end":{"line":24,"column":7}},{"start":{"line":22,"column":6},"end":{"line":24,"column":7}}],"line":22}},"s":{"0":1,"1":1,"2":0,"3":0,"4":0,"5":0,"6":0,"7":0,"8":0,"9":0,"10":0},"f":{"0":1,"1":1,"2":0,"3":0,"4":0},"b":{"0":[0,0],"1":[0,0],"2":[0,0],"3":[0,0],"4":[0,0],"5":[0,0]},"_coverageSchema":"1a1c01bbd47fc00a2c39e90264f33305004495a9","hash":"f15628c9ecb956cc2fd63bae85139a552f9c0563"}
}
