TN:
SF:src\assets\chip.png
FNF:0
FNH:0
DA:1,3
LF:1
LH:1
BRF:0
BRH:0
end_of_record
TN:
SF:src\components\BackupDB\index.tsx
FN:21,(anonymous_0)
FN:74,(anonymous_1)
FNF:2
FNH:2
FNDA:5,(anonymous_0)
FNDA:1,(anonymous_1)
DA:21,1
DA:28,5
DA:30,5
DA:75,1
DA:76,1
DA:77,1
DA:78,1
LF:7
LH:7
BRDA:35,0,0,2
BRDA:35,0,1,3
BRDA:40,1,0,3
BRDA:40,1,1,2
BRDA:46,2,0,5
BRDA:46,2,1,2
BRDA:57,3,0,5
BRDA:57,3,1,3
BRDA:60,4,0,2
BRDA:60,4,1,1
BRDA:65,5,0,2
BRDA:65,5,1,1
BRDA:71,6,0,3
BRDA:71,6,1,2
BRF:14
BRH:14
end_of_record
TN:
SF:src\components\BackupDB\styles.ts
FNF:0
FNH:0
DA:3,1
DA:9,1
DA:16,1
DA:21,1
DA:23,1
DA:30,1
DA:37,1
DA:46,1
DA:56,1
LF:9
LH:9
BRF:0
BRH:0
end_of_record
TN:
SF:src\components\Card\index.tsx
FN:29,(anonymous_0)
FN:39,(anonymous_1)
FN:63,(anonymous_2)
FN:89,(anonymous_3)
FN:96,(anonymous_4)
FN:115,(anonymous_5)
FNF:6
FNH:6
FNDA:2,(anonymous_0)
FNDA:1,(anonymous_1)
FNDA:1,(anonymous_2)
FNDA:2,(anonymous_3)
FNDA:1,(anonymous_4)
FNDA:1,(anonymous_5)
DA:29,3
DA:30,2
DA:31,2
DA:33,2
DA:34,1
DA:40,1
DA:41,1
DA:58,1
DA:64,1
DA:65,1
DA:89,3
DA:90,2
DA:92,2
DA:96,1
DA:115,1
LF:15
LH:15
BRDA:33,0,0,1
BRDA:33,0,1,1
BRF:2
BRH:2
end_of_record
TN:
SF:src\components\Card\styles.ts
FNF:0
FNH:0
DA:3,3
DA:12,3
DA:25,3
DA:40,3
DA:50,3
DA:65,3
DA:73,3
DA:80,3
DA:85,3
DA:89,3
DA:95,3
DA:100,3
DA:107,3
DA:115,3
DA:119,3
LF:15
LH:15
BRF:0
BRH:0
end_of_record
TN:
SF:src\components\CardCategories\index.tsx
FN:23,(anonymous_0)
FN:30,(anonymous_1)
FN:35,(anonymous_2)
FNF:3
FNH:3
FNDA:1,(anonymous_0)
FNDA:1,(anonymous_1)
FNDA:1,(anonymous_2)
DA:23,1
DA:24,1
DA:26,1
DA:28,1
DA:31,1
DA:36,1
DA:37,1
LF:7
LH:7
BRF:0
BRH:0
end_of_record
TN:
SF:src\components\CardCategories\styles.ts
FN:56,(anonymous_0)
FN:72,(anonymous_1)
FNF:2
FNH:2
FNDA:1,(anonymous_0)
FNDA:1,(anonymous_1)
DA:3,1
DA:7,1
DA:13,1
DA:18,1
DA:22,1
DA:28,1
DA:34,1
DA:39,1
DA:43,1
DA:49,1
DA:55,1
DA:56,1
DA:63,1
DA:69,1
DA:72,1
DA:77,1
LF:16
LH:16
BRF:0
BRH:0
end_of_record
TN:
SF:src\components\Carousel\index.tsx
FN:22,(anonymous_0)
FN:35,(anonymous_1)
FN:41,(anonymous_2)
FN:48,(anonymous_3)
FN:55,(anonymous_4)
FN:60,(anonymous_5)
FNF:6
FNH:6
FNDA:4,(anonymous_0)
FNDA:6,(anonymous_1)
FNDA:14,(anonymous_2)
FNDA:4,(anonymous_3)
FNDA:2,(anonymous_4)
FNDA:4,(anonymous_5)
DA:22,2
DA:25,4
DA:27,4
DA:29,4
DA:33,4
DA:35,4
DA:36,6
DA:41,14
DA:49,4
DA:55,4
DA:56,2
DA:57,2
DA:60,4
DA:61,4
DA:62,2
DA:64,2
DA:68,4
LF:17
LH:17
BRDA:61,0,0,2
BRDA:61,0,1,2
BRF:2
BRH:2
end_of_record
TN:
SF:src\icons\Icons.tsx
FN:5,(anonymous_0)
FN:24,(anonymous_1)
FN:47,(anonymous_2)
FN:89,(anonymous_3)
FN:99,(anonymous_4)
FN:114,(anonymous_5)
FN:156,(anonymous_6)
FN:198,(anonymous_7)
FN:249,(anonymous_8)
FN:270,(anonymous_9)
FN:308,(anonymous_10)
FN:336,(anonymous_11)
FN:365,(anonymous_12)
FN:379,(anonymous_13)
FNF:14
FNH:14
FNDA:1,(anonymous_0)
FNDA:1,(anonymous_1)
FNDA:1,(anonymous_2)
FNDA:4,(anonymous_3)
FNDA:1,(anonymous_4)
FNDA:1,(anonymous_5)
FNDA:1,(anonymous_6)
FNDA:1,(anonymous_7)
FNDA:1,(anonymous_8)
FNDA:1,(anonymous_9)
FNDA:1,(anonymous_10)
FNDA:1,(anonymous_11)
FNDA:3,(anonymous_12)
FNDA:4,(anonymous_13)
DA:5,5
DA:6,1
DA:24,5
DA:25,1
DA:47,5
DA:48,1
DA:89,5
DA:90,4
DA:99,5
DA:100,1
DA:114,5
DA:115,1
DA:156,5
DA:157,1
DA:198,5
DA:199,1
DA:249,5
DA:250,1
DA:270,5
DA:271,1
DA:308,5
DA:309,1
DA:336,5
DA:337,1
DA:365,5
DA:366,3
DA:379,5
DA:380,4
LF:28
LH:28
BRF:0
BRH:0
end_of_record
TN:
SF:src\utils\formatCurrency.ts
FN:1,formatCurrency
FNF:1
FNH:1
FNDA:5,formatCurrency
DA:3,5
DA:8,5
LF:2
LH:2
BRDA:8,0,0,1
BRDA:8,0,1,4
BRF:2
BRH:2
end_of_record
TN:
SF:src\utils\getLastOperation.ts
FN:3,getLastOperationByCategory
FN:8,(anonymous_1)
FN:14,getLastOperation
FN:15,(anonymous_3)
FNF:4
FNH:4
FNDA:2,getLastOperationByCategory
FNDA:4,(anonymous_1)
FNDA:3,getLastOperation
FNDA:7,(anonymous_3)
DA:7,2
DA:8,4
DA:11,2
DA:15,3
DA:16,7
DA:17,3
LF:6
LH:6
BRDA:16,0,0,3
BRDA:16,0,1,4
BRF:2
BRH:2
end_of_record
