TN:
SF:src\assets\chip.png
FNF:0
FNH:0
DA:1,3
LF:1
LH:1
BRF:0
BRH:0
end_of_record
TN:
SF:src\assets\settings.png
FNF:0
FNH:0
DA:1,1
LF:1
LH:1
BRF:0
BRH:0
end_of_record
TN:
SF:src\components\BackupDB\index.tsx
FN:21,(anonymous_0)
FN:74,(anonymous_1)
FNF:2
FNH:2
FNDA:5,(anonymous_0)
FNDA:1,(anonymous_1)
DA:21,1
DA:28,5
DA:30,5
DA:75,1
DA:76,1
DA:77,1
DA:78,1
LF:7
LH:7
BRDA:35,0,0,2
BRDA:35,0,1,3
BRDA:40,1,0,3
BRDA:40,1,1,2
BRDA:46,2,0,5
BRDA:46,2,1,2
BRDA:57,3,0,5
BRDA:57,3,1,3
BRDA:60,4,0,2
BRDA:60,4,1,1
BRDA:65,5,0,2
BRDA:65,5,1,1
BRDA:71,6,0,3
BRDA:71,6,1,2
BRF:14
BRH:14
end_of_record
TN:
SF:src\components\BackupDB\styles.ts
FNF:0
FNH:0
DA:3,1
DA:9,1
DA:16,1
DA:21,1
DA:23,1
DA:30,1
DA:37,1
DA:46,1
DA:56,1
LF:9
LH:9
BRF:0
BRH:0
end_of_record
TN:
SF:src\components\Card\index.tsx
FN:29,(anonymous_0)
FN:39,(anonymous_1)
FN:63,(anonymous_2)
FN:89,(anonymous_3)
FN:96,(anonymous_4)
FN:115,(anonymous_5)
FNF:6
FNH:6
FNDA:2,(anonymous_0)
FNDA:1,(anonymous_1)
FNDA:1,(anonymous_2)
FNDA:2,(anonymous_3)
FNDA:1,(anonymous_4)
FNDA:1,(anonymous_5)
DA:29,3
DA:30,2
DA:31,2
DA:33,2
DA:34,1
DA:40,1
DA:41,1
DA:58,1
DA:64,1
DA:65,1
DA:89,3
DA:90,2
DA:92,2
DA:96,1
DA:115,1
LF:15
LH:15
BRDA:33,0,0,1
BRDA:33,0,1,1
BRF:2
BRH:2
end_of_record
TN:
SF:src\components\Card\styles.ts
FNF:0
FNH:0
DA:3,3
DA:12,3
DA:25,3
DA:40,3
DA:50,3
DA:65,3
DA:73,3
DA:80,3
DA:85,3
DA:89,3
DA:95,3
DA:100,3
DA:107,3
DA:115,3
DA:119,3
LF:15
LH:15
BRF:0
BRH:0
end_of_record
TN:
SF:src\components\CardCategories\index.tsx
FN:23,(anonymous_0)
FN:30,(anonymous_1)
FN:35,(anonymous_2)
FNF:3
FNH:3
FNDA:2,(anonymous_0)
FNDA:2,(anonymous_1)
FNDA:1,(anonymous_2)
DA:23,2
DA:24,2
DA:26,2
DA:28,2
DA:31,2
DA:36,1
DA:37,1
LF:7
LH:7
BRF:0
BRH:0
end_of_record
TN:
SF:src\components\CardCategories\styles.ts
FN:56,(anonymous_0)
FN:72,(anonymous_1)
FNF:2
FNH:2
FNDA:2,(anonymous_0)
FNDA:2,(anonymous_1)
DA:3,2
DA:7,2
DA:13,2
DA:18,2
DA:22,2
DA:28,2
DA:34,2
DA:39,2
DA:43,2
DA:49,2
DA:55,2
DA:56,2
DA:63,2
DA:69,2
DA:72,2
DA:77,2
LF:16
LH:16
BRF:0
BRH:0
end_of_record
TN:
SF:src\components\Carousel\index.tsx
FN:22,(anonymous_0)
FN:35,(anonymous_1)
FN:41,(anonymous_2)
FN:48,(anonymous_3)
FN:55,(anonymous_4)
FN:60,(anonymous_5)
FNF:6
FNH:6
FNDA:4,(anonymous_0)
FNDA:6,(anonymous_1)
FNDA:14,(anonymous_2)
FNDA:4,(anonymous_3)
FNDA:2,(anonymous_4)
FNDA:4,(anonymous_5)
DA:22,2
DA:25,4
DA:27,4
DA:29,4
DA:33,4
DA:35,4
DA:36,6
DA:41,14
DA:49,4
DA:55,4
DA:56,2
DA:57,2
DA:60,4
DA:61,4
DA:62,2
DA:64,2
DA:68,4
LF:17
LH:17
BRDA:61,0,0,2
BRDA:61,0,1,2
BRF:2
BRH:2
end_of_record
TN:
SF:src\components\CategoriesList\index.tsx
FN:18,(anonymous_0)
FN:31,(anonymous_1)
FNF:2
FNH:2
FNDA:2,(anonymous_0)
FNDA:1,(anonymous_1)
DA:18,1
DA:19,2
DA:21,2
DA:23,2
DA:31,1
LF:5
LH:5
BRDA:38,0,0,1
BRDA:38,0,1,1
BRF:2
BRH:2
end_of_record
TN:
SF:src\components\CategoriesList\styles.ts
FNF:0
FNH:0
DA:4,1
DA:10,1
DA:12,1
DA:18,1
DA:23,1
DA:29,1
DA:35,1
DA:47,1
DA:53,1
LF:9
LH:9
BRF:0
BRH:0
end_of_record
TN:
SF:src\components\CustomModal\index.tsx
FN:21,(anonymous_0)
FN:39,(anonymous_1)
FN:49,(anonymous_2)
FNF:3
FNH:3
FNDA:2,(anonymous_0)
FNDA:1,(anonymous_1)
FNDA:1,(anonymous_2)
DA:21,1
DA:29,2
DA:40,1
DA:41,1
DA:50,1
DA:51,1
DA:64,1
LF:7
LH:7
BRF:0
BRH:0
end_of_record
TN:
SF:src\components\CustomModal\styles.ts
FNF:0
FNH:0
DA:3,1
DA:9,1
DA:15,1
DA:22,1
DA:24,1
DA:29,1
LF:6
LH:6
BRF:0
BRH:0
end_of_record
TN:
SF:src\components\FlatListOperations\index.tsx
FN:34,(anonymous_0)
FN:52,(anonymous_1)
FN:68,(anonymous_2)
FN:81,(anonymous_3)
FN:84,(anonymous_4)
FNF:5
FNH:5
FNDA:5,(anonymous_0)
FNDA:4,(anonymous_1)
FNDA:1,(anonymous_2)
FNDA:14,(anonymous_3)
FNDA:14,(anonymous_4)
DA:34,1
DA:43,5
DA:44,5
DA:46,5
DA:47,1
DA:50,5
DA:51,1
DA:53,4
DA:56,5
DA:58,5
DA:68,1
DA:82,14
DA:84,14
LF:13
LH:13
BRDA:37,0,0,5
BRDA:46,1,0,1
BRDA:46,1,1,4
BRDA:50,2,0,1
BRDA:50,2,1,4
BRDA:50,3,0,5
BRDA:50,3,1,4
BRDA:53,4,0,4
BRDA:53,4,1,2
BRDA:61,5,0,1
BRDA:61,5,1,4
BRDA:62,6,0,1
BRDA:62,6,1,4
BRDA:65,7,0,5
BRDA:65,7,1,5
BRDA:70,8,0,1
BRDA:70,8,1,4
BRDA:73,9,0,1
BRDA:73,9,1,4
BRDA:78,10,0,4
BRDA:78,10,1,1
BRF:21
BRH:21
end_of_record
TN:
SF:src\components\FlatListOperations\styles.ts
FN:11,(anonymous_0)
FNF:1
FNH:1
FNDA:5,(anonymous_0)
DA:7,1
DA:11,5
DA:14,1
DA:20,1
DA:27,1
DA:29,1
DA:35,1
DA:40,1
DA:50,1
DA:61,1
DA:67,1
DA:73,1
LF:12
LH:12
BRDA:11,0,0,1
BRDA:11,0,1,4
BRF:2
BRH:2
end_of_record
TN:
SF:src\components\FlatListOperations\FlatListOperationItem\index.tsx
FN:32,(anonymous_0)
FN:41,(anonymous_1)
FNF:2
FNH:2
FNDA:14,(anonymous_0)
FNDA:1,(anonymous_1)
DA:32,1
DA:35,14
DA:36,14
DA:38,14
DA:42,1
DA:43,1
LF:6
LH:6
BRDA:48,0,0,14
BRDA:48,0,1,4
BRDA:52,1,0,14
BRDA:52,1,1,4
BRDA:56,2,0,14
BRDA:56,2,1,6
BRDA:68,3,0,6
BRDA:68,3,1,8
BRDA:73,4,0,6
BRDA:73,4,1,3
BRDA:74,5,0,6
BRDA:74,5,1,3
BRDA:88,6,0,11
BRDA:88,6,1,3
BRF:14
BRH:14
end_of_record
TN:
SF:src\components\FlatListOperations\FlatListOperationItem\styles.ts
FN:65,(anonymous_0)
FN:81,(anonymous_1)
FNF:2
FNH:2
FNDA:14,(anonymous_0)
FNDA:14,(anonymous_1)
DA:3,1
DA:7,1
DA:13,1
DA:19,1
DA:25,1
DA:31,1
DA:38,1
DA:43,1
DA:47,1
DA:53,1
DA:58,1
DA:64,1
DA:65,14
DA:72,1
DA:78,1
DA:81,14
DA:86,1
LF:17
LH:17
BRF:0
BRH:0
end_of_record
TN:
SF:src\components\Header\index.tsx
FN:18,(anonymous_0)
FN:41,(anonymous_1)
FNF:2
FNH:2
FNDA:2,(anonymous_0)
FNDA:2,(anonymous_1)
DA:18,1
DA:23,2
DA:25,2
DA:29,2
DA:30,1
DA:32,1
DA:35,2
DA:37,2
DA:41,2
LF:9
LH:9
BRDA:20,0,0,2
BRDA:21,1,0,1
BRDA:29,2,0,1
BRDA:29,2,1,1
BRDA:45,3,0,2
BRDA:45,3,1,2
BRF:6
BRH:6
end_of_record
TN:
SF:src\components\Header\styles.ts
FNF:0
FNH:0
DA:3,1
DA:5,1
DA:7,1
DA:16,1
DA:24,1
DA:28,1
DA:35,1
DA:42,1
LF:8
LH:8
BRF:0
BRH:0
end_of_record
TN:
SF:src\components\Input\index.tsx
FN:13,(anonymous_0)
FN:34,(anonymous_1)
FN:35,(anonymous_2)
FN:53,(anonymous_3)
FN:54,(anonymous_4)
FN:72,(anonymous_5)
FN:73,(anonymous_6)
FN:89,(anonymous_7)
FN:90,(anonymous_8)
FNF:9
FNH:9
FNDA:13,(anonymous_0)
FNDA:1,(anonymous_1)
FNDA:1,(anonymous_2)
FNDA:1,(anonymous_3)
FNDA:1,(anonymous_4)
FNDA:1,(anonymous_5)
FNDA:1,(anonymous_6)
FNDA:1,(anonymous_7)
FNDA:1,(anonymous_8)
DA:13,1
DA:21,13
DA:23,13
DA:24,3
DA:34,1
DA:35,1
DA:42,10
DA:43,3
DA:53,1
DA:54,1
DA:61,7
DA:62,3
DA:72,1
DA:73,1
DA:80,4
DA:89,1
DA:90,1
LF:17
LH:17
BRDA:23,0,0,3
BRDA:23,0,1,10
BRDA:25,1,0,1
BRDA:25,1,1,2
BRDA:42,2,0,3
BRDA:42,2,1,7
BRDA:44,3,0,1
BRDA:44,3,1,2
BRDA:61,4,0,3
BRDA:61,4,1,4
BRDA:63,5,0,1
BRDA:63,5,1,2
BRDA:83,6,0,1
BRDA:83,6,1,3
BRF:14
BRH:14
end_of_record
TN:
SF:src\components\Input\styles.ts
FN:13,(anonymous_0)
FN:16,(anonymous_1)
FNF:2
FNH:2
FNDA:13,(anonymous_0)
FNDA:13,(anonymous_1)
DA:9,1
DA:13,13
DA:16,13
DA:19,1
DA:25,1
LF:5
LH:5
BRDA:16,0,0,1
BRDA:16,0,1,12
BRF:2
BRH:2
end_of_record
TN:
SF:src\components\InputColor\index.tsx
FN:22,(anonymous_0)
FN:32,(anonymous_1)
FN:36,generateColor
FN:83,(anonymous_3)
FNF:4
FNH:4
FNDA:21,(anonymous_0)
FNDA:21,(anonymous_1)
FNDA:24,generateColor
FNDA:14,(anonymous_3)
DA:22,6
DA:29,21
DA:32,21
DA:33,21
DA:37,24
DA:38,4
DA:41,20
DA:42,4
DA:45,16
DA:46,4
DA:49,12
DA:50,4
DA:58,8
DA:63,21
DA:84,14
DA:85,14
DA:86,4
DA:87,2
DA:89,2
DA:90,2
DA:93,12
DA:94,12
LF:22
LH:22
BRDA:30,0,0,18
BRDA:30,0,1,3
BRDA:37,1,0,4
BRDA:37,1,1,20
BRDA:37,2,0,24
BRDA:37,2,1,16
BRDA:41,3,0,4
BRDA:41,3,1,16
BRDA:41,4,0,20
BRDA:41,4,1,8
BRDA:45,5,0,4
BRDA:45,5,1,12
BRDA:45,6,0,16
BRDA:45,6,1,8
BRDA:49,7,0,4
BRDA:49,7,1,8
BRDA:85,8,0,4
BRDA:85,8,1,10
BRDA:86,9,0,2
BRDA:86,9,1,2
BRF:20
BRH:20
end_of_record
TN:
SF:src\components\InputColor\styles.ts
FN:22,(anonymous_0)
FNF:1
FNH:1
FNDA:14,(anonymous_0)
DA:3,6
DA:9,6
DA:19,6
DA:22,14
DA:30,6
DA:36,6
DA:42,6
LF:7
LH:7
BRF:0
BRH:0
end_of_record
TN:
SF:src\icons\Icons.tsx
FN:5,(anonymous_0)
FN:24,(anonymous_1)
FN:47,(anonymous_2)
FN:89,(anonymous_3)
FN:99,(anonymous_4)
FN:114,(anonymous_5)
FN:156,(anonymous_6)
FN:198,(anonymous_7)
FN:249,(anonymous_8)
FN:270,(anonymous_9)
FN:308,(anonymous_10)
FN:336,(anonymous_11)
FN:365,(anonymous_12)
FN:379,(anonymous_13)
FNF:14
FNH:14
FNDA:8,(anonymous_0)
FNDA:1,(anonymous_1)
FNDA:1,(anonymous_2)
FNDA:4,(anonymous_3)
FNDA:1,(anonymous_4)
FNDA:5,(anonymous_5)
FNDA:5,(anonymous_6)
FNDA:7,(anonymous_7)
FNDA:1,(anonymous_8)
FNDA:1,(anonymous_9)
FNDA:1,(anonymous_10)
FNDA:1,(anonymous_11)
FNDA:3,(anonymous_12)
FNDA:4,(anonymous_13)
DA:5,7
DA:6,8
DA:24,7
DA:25,1
DA:47,7
DA:48,1
DA:89,7
DA:90,4
DA:99,7
DA:100,1
DA:114,7
DA:115,5
DA:156,7
DA:157,5
DA:198,7
DA:199,7
DA:249,7
DA:250,1
DA:270,7
DA:271,1
DA:308,7
DA:309,1
DA:336,7
DA:337,1
DA:365,7
DA:366,3
DA:379,7
DA:380,4
LF:28
LH:28
BRF:0
BRH:0
end_of_record
TN:
SF:src\utils\colors.ts
FN:1,hexToRgb
FN:20,(anonymous_1)
FNF:2
FNH:2
FNDA:15,hexToRgb
FNDA:3,(anonymous_1)
DA:2,15
DA:4,15
DA:5,1
DA:8,15
DA:10,15
DA:11,14
DA:16,1
DA:20,7
DA:21,3
DA:22,2
DA:26,2
DA:35,2
DA:38,2
DA:39,1
DA:40,1
DA:41,1
DA:44,2
DA:46,1
LF:18
LH:18
BRDA:4,0,0,1
BRDA:4,0,1,14
BRDA:10,1,0,14
BRDA:10,1,1,1
BRDA:21,2,0,2
BRDA:21,2,1,1
BRDA:38,3,0,1
BRDA:38,3,1,1
BRF:8
BRH:8
end_of_record
TN:
SF:src\utils\formatCurrency.ts
FN:1,formatCurrency
FNF:1
FNH:1
FNDA:20,formatCurrency
DA:3,20
DA:8,20
LF:2
LH:2
BRDA:8,0,0,1
BRDA:8,0,1,19
BRF:2
BRH:2
end_of_record
TN:
SF:src\utils\getLastOperation.ts
FN:3,getLastOperationByCategory
FN:8,(anonymous_1)
FN:14,getLastOperation
FN:15,(anonymous_3)
FNF:4
FNH:4
FNDA:3,getLastOperationByCategory
FNDA:4,(anonymous_1)
FNDA:4,getLastOperation
FNDA:7,(anonymous_3)
DA:7,3
DA:8,4
DA:11,3
DA:15,4
DA:16,7
DA:17,3
LF:6
LH:6
BRDA:16,0,0,3
BRDA:16,0,1,4
BRF:2
BRH:2
end_of_record
